{"level":60,"time":1739266575042,"pid":14864,"hostname":"DESKTOP-9421701","error":"404","url":"/management_build/account/account.js"}
{"level":60,"time":1739353317786,"pid":4440,"hostname":"DESKTOP-9421701","error":"404","url":"/api/v1/notices/user/students"}
{"level":60,"time":1739353614450,"pid":4440,"hostname":"DESKTOP-9421701","error":"404","url":"/api/v1/notices/user/students"}
{"level":60,"time":1739353625202,"pid":4440,"hostname":"DESKTOP-9421701","error":"404","url":"/api/v1/notices/user/students"}
{"level":60,"time":1739359812618,"pid":6820,"hostname":"DESKTOP-9421701","error":"404","url":"/api/v1/account-logs/month-wise-statement/undefined"}
{"level":60,"time":1739359924619,"pid":6820,"hostname":"DESKTOP-9421701","error":"404","url":"/api/v1/account-logs/month-wise-statement/undefined"}
{"level":60,"time":1739359925506,"pid":6820,"hostname":"DESKTOP-9421701","error":"404","url":"/api/v1/account-logs/month-wise-statement/undefined"}
{"level":60,"time":1739360133995,"pid":15492,"hostname":"DESKTOP-9421701","error":"404","url":"/api/v1/account-logs/month-wise-statement/undefined"}
{"level":60,"time":1739360159575,"pid":15492,"hostname":"DESKTOP-9421701","error":"404","url":"/api/v1/account-logs/month-wise-statement/undefined"}
{"level":60,"time":1739425722849,"pid":15056,"hostname":"DESKTOP-9421701","error":"404","url":"/api/v1/notices/user/students"}
{"level":60,"time":1739439568437,"pid":8464,"hostname":"DESKTOP-9421701","error":"404","url":"/api/v1/notices/user/students"}
{"level":60,"time":1739439590291,"pid":8464,"hostname":"DESKTOP-9421701","error":"404","url":"/api/v1/notices/user/students"}
{"level":60,"time":1739439594809,"pid":8464,"hostname":"DESKTOP-9421701","error":"404","url":"/api/v1/notices/user/students"}
{"level":60,"time":1739441201582,"pid":8088,"hostname":"DESKTOP-9421701","error":"404","url":"/api/v1/notices/user/students"}
{"level":60,"time":1739442110846,"pid":8088,"hostname":"DESKTOP-9421701","error":"404","url":"/api/v1/notices/user/students"}
{"level":60,"time":1739445888315,"pid":3252,"hostname":"DESKTOP-9421701","error":"404","url":"/api/v1/notices/user/students"}
{"level":60,"time":1739448064722,"pid":12864,"hostname":"DESKTOP-9421701","error":"404","url":"/api/v1/notices/user/students"}
{"level":60,"time":1739698327487,"pid":8964,"hostname":"DESKTOP-9421701","error":"404","url":"/api/v1/notices/user/students"}
{"level":60,"time":1739698891701,"pid":8964,"hostname":"DESKTOP-9421701","error":"404","url":"/api/v1/notices/user/students"}
{"level":60,"time":1739710021272,"pid":17524,"hostname":"DESKTOP-9421701","error":"404","url":"/api/v1/user-students/student-class/cse101"}
{"level":60,"time":1739710021288,"pid":17524,"hostname":"DESKTOP-9421701","error":"404","url":"/api/v1/user-students/fees-categories-student/cse101"}
{"level":60,"time":1739710519043,"pid":8636,"hostname":"DESKTOP-9421701","error":"404","url":"/api/v1/account-logs/periods"}
{"level":60,"time":1739710527961,"pid":8636,"hostname":"DESKTOP-9421701","error":"404","url":"/api/v1/user-students/student-class/cse101"}
{"level":60,"time":1739710527967,"pid":8636,"hostname":"DESKTOP-9421701","error":"404","url":"/api/v1/user-students/fees-categories-student/cse101"}
{"level":60,"time":1739711602131,"pid":24680,"hostname":"DESKTOP-9421701","error":"404","url":"/management_build/account/account.js"}
{"level":60,"time":1739711824243,"pid":24680,"hostname":"DESKTOP-9421701","error":"404","url":"/management_build/account/account.js"}
{"level":60,"time":1739711842694,"pid":24680,"hostname":"DESKTOP-9421701","error":"404","url":"/management_build/account/account.js"}
