{"level":60,"time":1725425849593,"pid":16744,"hostname":"DESKTOP-9421701","file":"","time":"9/4/2024 10:57:29 AM","message":"target not found."}
{"level":60,"time":1725425849637,"pid":16744,"hostname":"DESKTOP-9421701","file":"","time":"9/4/2024 10:57:29 AM","message":"target not found."}
{"level":60,"time":1725425855453,"pid":16744,"hostname":"DESKTOP-9421701","file":"","time":"9/4/2024 10:57:35 AM","message":"target not found."}
{"level":60,"time":1725425855485,"pid":16744,"hostname":"DESKTOP-9421701","file":"","time":"9/4/2024 10:57:35 AM","message":"target not found."}
{"level":60,"time":1725432619734,"pid":13320,"hostname":"DESKTOP-9421701","file":"","time":"9/4/2024 12:50:19 PM","message":"You have an error in your SQL syntax; check the manual that corresponds to your MySQL server version for the right syntax to use near '-10, 10' at line 1"}
{"level":60,"time":1725432669793,"pid":13320,"hostname":"DESKTOP-9421701","file":"","time":"9/4/2024 12:51:09 PM","message":"You have an error in your SQL syntax; check the manual that corresponds to your MySQL server version for the right syntax to use near '-10, 10' at line 1"}
{"level":60,"time":1725434166643,"pid":8488,"hostname":"DESKTOP-9421701","file":"","time":"9/4/2024 1:16:06 PM","message":"target not found."}
{"level":60,"time":1725434166684,"pid":8488,"hostname":"DESKTOP-9421701","file":"","time":"9/4/2024 1:16:06 PM","message":"target not found."}
{"level":60,"time":1725434169364,"pid":8488,"hostname":"DESKTOP-9421701","file":"","time":"9/4/2024 1:16:09 PM","message":"target not found."}
{"level":60,"time":1725434169400,"pid":8488,"hostname":"DESKTOP-9421701","file":"","time":"9/4/2024 1:16:09 PM","message":"target not found."}
{"level":60,"time":1725434263748,"pid":11080,"hostname":"DESKTOP-9421701","file":"","time":"9/4/2024 1:17:43 PM","message":"target not found."}
{"level":60,"time":1725434263755,"pid":11080,"hostname":"DESKTOP-9421701","file":"","time":"9/4/2024 1:17:43 PM","message":"target not found."}
{"level":60,"time":1725434342334,"pid":10244,"hostname":"DESKTOP-9421701","file":"","time":"9/4/2024 1:19:02 PM","message":"target not found."}
{"level":60,"time":1725434342349,"pid":10244,"hostname":"DESKTOP-9421701","file":"","time":"9/4/2024 1:19:02 PM","message":"target not found."}
{"level":60,"time":1725434437764,"pid":10684,"hostname":"DESKTOP-9421701","file":"","time":"9/4/2024 1:20:37 PM","message":"target not found."}
{"level":60,"time":1725434437779,"pid":10684,"hostname":"DESKTOP-9421701","file":"","time":"9/4/2024 1:20:37 PM","message":"target not found."}
{"level":60,"time":1725434534594,"pid":6036,"hostname":"DESKTOP-9421701","file":"","time":"9/4/2024 1:22:14 PM","message":"target not found."}
{"level":60,"time":1725434534643,"pid":6036,"hostname":"DESKTOP-9421701","file":"","time":"9/4/2024 1:22:14 PM","message":"target not found."}
{"level":60,"time":1725434855169,"pid":11044,"hostname":"DESKTOP-9421701","file":"","time":"9/4/2024 1:27:35 PM","message":"target not found."}
{"level":60,"time":1725434855175,"pid":11044,"hostname":"DESKTOP-9421701","file":"","time":"9/4/2024 1:27:35 PM","message":"target not found."}
{"level":60,"time":1725434856052,"pid":11044,"hostname":"DESKTOP-9421701","file":"","time":"9/4/2024 1:27:36 PM","message":"target not found."}
{"level":60,"time":1725434856167,"pid":11044,"hostname":"DESKTOP-9421701","file":"","time":"9/4/2024 1:27:36 PM","message":"target not found."}
{"level":60,"time":1725435065969,"pid":6464,"hostname":"DESKTOP-9421701","file":"","time":"9/4/2024 1:31:05 PM","message":"target not found."}
{"level":60,"time":1725435066045,"pid":6464,"hostname":"DESKTOP-9421701","file":"","time":"9/4/2024 1:31:06 PM","message":"target not found."}
{"level":60,"time":1725435313085,"pid":12872,"hostname":"DESKTOP-9421701","file":"","time":"9/4/2024 1:35:13 PM","message":"target not found."}
{"level":60,"time":1725435313121,"pid":12872,"hostname":"DESKTOP-9421701","file":"","time":"9/4/2024 1:35:13 PM","message":"target not found."}
{"level":60,"time":1725435923699,"pid":14908,"hostname":"DESKTOP-9421701","file":"","time":"9/4/2024 1:45:23 PM","message":"target not found."}
{"level":60,"time":1725435923711,"pid":14908,"hostname":"DESKTOP-9421701","file":"","time":"9/4/2024 1:45:23 PM","message":"target not found."}
{"level":60,"time":1725435923845,"pid":14908,"hostname":"DESKTOP-9421701","file":"services\\class_routine_details.ts:47:19)","time":"9/4/2024 1:45:23 PM","message":"BranchClassRoutinesModel is associated to BranchClassSubjectsModel using an alias. You must use the 'as' keyword to specify the alias within your include statement."}
{"level":60,"time":1725435942904,"pid":6180,"hostname":"DESKTOP-9421701","file":"","time":"9/4/2024 1:45:42 PM","message":"target not found."}
{"level":60,"time":1725435942987,"pid":6180,"hostname":"DESKTOP-9421701","file":"","time":"9/4/2024 1:45:42 PM","message":"target not found."}
{"level":60,"time":1725435980671,"pid":2428,"hostname":"DESKTOP-9421701","file":"","time":"9/4/2024 1:46:20 PM","message":"target not found."}
{"level":60,"time":1725435980724,"pid":2428,"hostname":"DESKTOP-9421701","file":"","time":"9/4/2024 1:46:20 PM","message":"target not found."}
{"level":60,"time":1725435980843,"pid":2428,"hostname":"DESKTOP-9421701","file":"services\\class_routine_details.ts:47:19)","time":"9/4/2024 1:46:20 PM","message":"BranchClassRoutinesModel is not associated to BranchClassSubjectsModel!"}
{"level":60,"time":1725436041701,"pid":8696,"hostname":"DESKTOP-9421701","file":"","time":"9/4/2024 1:47:21 PM","message":"target not found."}
{"level":60,"time":1725436041740,"pid":8696,"hostname":"DESKTOP-9421701","file":"","time":"9/4/2024 1:47:21 PM","message":"target not found."}
